[showcase.ladi.me/6535e7c532948d0012d8a8a2.html]
[backblue.gif]
[fade.gif]
[index.html]
[w.ladicdn.com/v2/source/ladipagev3.minf1f1.js]
[w.ladicdn.com/s750x750/5c7362c6c417ab07e5196b05/1-14-20230922093700-jbmfg.png]
[w.ladicdn.com/s400x400/5c7362c6c417ab07e5196b05/1-14-20230922093700-jbmfg.png]
[w.ladicdn.com/s750x750/5c7362c6c417ab07e5196b05/1-01-20230922093650-yhjhw.png]
[w.ladicdn.com/s400x400/5c7362c6c417ab07e5196b05/1-01-20230922093650-yhjhw.png]
[w.ladicdn.com/s750x750/5c7362c6c417ab07e5196b05/1-09-20230922093654-noozx.png]
[w.ladicdn.com/s400x400/5c7362c6c417ab07e5196b05/1-09-20230922093654-noozx.png]
[w.ladicdn.com/s750x750/5c7362c6c417ab07e5196b05/1-05-20230922093652-wevgw.png]
[w.ladicdn.com/s400x400/5c7362c6c417ab07e5196b05/1-05-20230922093652-wevgw.png]
[w.ladicdn.com/s750x750/5c7362c6c417ab07e5196b05/1-04-20230922093652-yzd5v.png]
[w.ladicdn.com/s400x400/5c7362c6c417ab07e5196b05/1-04-20230922093652-yzd5v.png]
[w.ladicdn.com/s400x350/5c7362c6c417ab07e5196b05/tag-20230922023550-lber6.png]
[w.ladicdn.com/s550x350/5c7362c6c417ab07e5196b05/1-20230922041846-a2w0l.png]
[w.ladicdn.com/s350x350/5c7362c6c417ab07e5196b05/1l0ebod020230922031847.jpg]
[w.ladicdn.com/s400x450/5c7362c6c417ab07e5196b05/1-11-20230922093659-dgevd.png]
[w.ladicdn.com/s400x450/5c7362c6c417ab07e5196b05/1-07-20230922093653-jynjv.png]
[w.ladicdn.com/s350x350/5c7362c6c417ab07e5196b05/1o8vbkda20230920035309.jpg]
[w.ladicdn.com/s450x400/5c7362c6c417ab07e5196b05/1-16-20230922093732-zqxsa.png]
[w.ladicdn.com/s450x400/5c7362c6c417ab07e5196b05/1-15-20230922093731-ib83u.png]
[w.ladicdn.com/s450x400/5c7362c6c417ab07e5196b05/1-14-20230922093730-9mam4.png]
[w.ladicdn.com/s350x350/5c7362c6c417ab07e5196b05/FbXDW9fB20230922033528.jpg]
[w.ladicdn.com/s400x400/5c7362c6c417ab07e5196b05/yzrqTFIW20230922034410.jpg]
[w.ladicdn.com/s450x400/5c7362c6c417ab07e5196b05/1-13-20230922093729-jzdrr.png]
[w.ladicdn.com/s350x350/5c7362c6c417ab07e5196b05/iddanqma20230922034543.jpg]
[w.ladicdn.com/s450x400/5c7362c6c417ab07e5196b05/1-06-20230922093653-le3ou.png]
[w.ladicdn.com/s400x450/5c7362c6c417ab07e5196b05/1-09-20230922093654-noozx.png]
[w.ladicdn.com/s350x400/5c7362c6c417ab07e5196b05/3reebvah20230922034746.jpg]
[w.ladicdn.com/s700x600/5c7362c6c417ab07e5196b05/1-02-20230922093651-5qszd.png]
[w.ladicdn.com/s700x600/5c7362c6c417ab07e5196b05/1-12-20230922093728-4ffur.png]
[showcase.ladi.me/6535e7c532948d0012d8a8a2.html]
[w.ladicdn.com/s700x600/5c7362c6c417ab07e5196b05/1-15-20230922093701-rebn_.png]
